Removed Pin From Net: NetName=NetD1_2 Pin=S1-1
Removed Pin From Net: NetName=NetD2_2 Pin=S1-2
Removed Pin From Net: NetName=NetC2_2 Pin=S1-4
Removed Pin From Net: NetName=NetC1_2 Pin=S1-6
Added Component: Designator=P1(431603102)
Add component. Clean all parameters for all variants
Add component (AddParameter): Name = "Allied_Number"; Value = "70372885"; VariantName = "[No Variations]"
Add component (AddParameter): Name = "Allied Price/Stock"; Value = "https://www.alliedelec.com/molex-incorporated-43160-3102/70372885/"; VariantName = "[No Variations]"
Add component (AddParameter): Name = "Arrow Part Number"; Value = "43160-3102"; VariantName = "[No Variations]"
Add component (AddParameter): Name = "Arrow Price/Stock"; Value = "http://uk.rs-online.com/web/p/products/3639982P"; VariantName = "[No Variations]"
Add component (AddParameter): Name = "Datasheet Link"; Value = "https://www.molex.com/pdm_docs/sd/431603102_sd.pdf"; VariantName = "[No Variations]"
Add component (AddParameter): Name = "Geometry.Height"; Value = "11mm"; VariantName = "[No Variations]"
Add component (AddParameter): Name = "Manufacturer_Name"; Value = "Molex"; VariantName = "[No Variations]"
Add component (AddParameter): Name = "Manufacturer_Part_Number"; Value = "43160-3102"; VariantName = "[No Variations]"
Add component (AddParameter): Name = "RS Part Number"; Value = "3639982P"; VariantName = "[No Variations]"
Add component (AddParameter): Name = "RS Price/Stock"; Value = "http://uk.rs-online.com/web/p/products/3639982P"; VariantName = "[No Variations]"
Added Component: Designator=P2(431603102)
Add component. Clean all parameters for all variants
Add component (AddParameter): Name = "Allied_Number"; Value = "70372885"; VariantName = "[No Variations]"
Add component (AddParameter): Name = "Allied Price/Stock"; Value = "https://www.alliedelec.com/molex-incorporated-43160-3102/70372885/"; VariantName = "[No Variations]"
Add component (AddParameter): Name = "Arrow Part Number"; Value = "43160-3102"; VariantName = "[No Variations]"
Add component (AddParameter): Name = "Arrow Price/Stock"; Value = "http://uk.rs-online.com/web/p/products/3639982P"; VariantName = "[No Variations]"
Add component (AddParameter): Name = "Datasheet Link"; Value = "https://www.molex.com/pdm_docs/sd/431603102_sd.pdf"; VariantName = "[No Variations]"
Add component (AddParameter): Name = "Geometry.Height"; Value = "11mm"; VariantName = "[No Variations]"
Add component (AddParameter): Name = "Manufacturer_Name"; Value = "Molex"; VariantName = "[No Variations]"
Add component (AddParameter): Name = "Manufacturer_Part_Number"; Value = "43160-3102"; VariantName = "[No Variations]"
Add component (AddParameter): Name = "RS Part Number"; Value = "3639982P"; VariantName = "[No Variations]"
Add component (AddParameter): Name = "RS Price/Stock"; Value = "http://uk.rs-online.com/web/p/products/3639982P"; VariantName = "[No Variations]"
Added Pin To Net: NetName=NetC1_2 Pin=P1-1
Added Pin To Net: NetName=NetC1_2 Pin=P1-1
Added Pin To Net: NetName=NetC2_2 Pin=P1-2
Added Pin To Net: NetName=NetC2_2 Pin=P1-2
Added Pin To Net: NetName=NetK1_4 Pin=P1-3
Added Pin To Net: NetName=NetK1_4 Pin=P1-3
Added Pin To Net: NetName=NetK2_7 Pin=P1-4
Added Pin To Net: NetName=NetK2_7 Pin=P1-4
Added Pin To Net: NetName=NetD1_2 Pin=P2-1
Added Pin To Net: NetName=NetD1_2 Pin=P2-1
Added Pin To Net: NetName=NetC1_2 Pin=P2-2
Added Pin To Net: NetName=NetC1_2 Pin=P2-2
Added Pin To Net: NetName=NetD2_2 Pin=P2-3
Added Pin To Net: NetName=NetD2_2 Pin=P2-3
Added Pin To Net: NetName=NetC2_2 Pin=P2-4
Added Pin To Net: NetName=NetC2_2 Pin=P2-4
